*** Life<ConwayCell> 3x3 ***

Generation = 0, Population = 9.
***
***
***

Generation = 1, Population = 4.
*.*
...
*.*

Generation = 2, Population = 0.
...
...
...

*** Life<ConwayCell> 4x4 ***

Generation = 0, Population = 8.
*..*
.**.
*..*
.**.

Generation = 1, Population = 10.
.**.
****
*..*
.**.

Generation = 2, Population = 8.
*..*
*..*
*..*
.**.

Generation = 3, Population = 8.
....
****
*..*
.**.

Generation = 4, Population = 10.
.**.
****
*..*
.**.

*** Life<ConwayCell> 30x30 ***

Generation = 0, Population = 5.
..............................
..............................
..............................
..............................
..............................
..............................
..............................
..............................
..............................
..............................
..............................
..............................
..............................
..............................
...............**.............
..............**..............
...............*..............
..............................
..............................
..............................
..............................
..............................
..............................
..............................
..............................
..............................
..............................
..............................
..............................
..............................

Generation = 1, Population = 6.
..............................
..............................
..............................
..............................
..............................
..............................
..............................
..............................
..............................
..............................
..............................
..............................
..............................
..............................
..............***.............
..............*...............
..............**..............
..............................
..............................
..............................
..............................
..............................
..............................
..............................
..............................
..............................
..............................
..............................
..............................
..............................

Generation = 2, Population = 7.
..............................
..............................
..............................
..............................
..............................
..............................
..............................
..............................
..............................
..............................
..............................
..............................
..............................
...............*..............
..............**..............
.............*..*.............
..............**..............
..............................
..............................
..............................
..............................
..............................
..............................
..............................
..............................
..............................
..............................
..............................
..............................
..............................

Generation = 3, Population = 9.
..............................
..............................
..............................
..............................
..............................
..............................
..............................
..............................
..............................
..............................
..............................
..............................
..............................
..............**..............
..............***.............
.............*..*.............
..............**..............
..............................
..............................
..............................
..............................
..............................
..............................
..............................
..............................
..............................
..............................
..............................
..............................
..............................

Generation = 4, Population = 8.
..............................
..............................
..............................
..............................
..............................
..............................
..............................
..............................
..............................
..............................
..............................
..............................
..............................
..............*.*.............
.............*..*.............
.............*..*.............
..............**..............
..............................
..............................
..............................
..............................
..............................
..............................
..............................
..............................
..............................
..............................
..............................
..............................
..............................

Generation = 5, Population = 9.
..............................
..............................
..............................
..............................
..............................
..............................
..............................
..............................
..............................
..............................
..............................
..............................
..............................
...............*..............
.............**.**............
.............*..*.............
..............**..............
..............................
..............................
..............................
..............................
..............................
..............................
..............................
..............................
..............................
..............................
..............................
..............................
..............................

Generation = 6, Population = 12.
..............................
..............................
..............................
..............................
..............................
..............................
..............................
..............................
..............................
..............................
..............................
..............................
..............................
..............***.............
.............**.**............
.............*..**............
..............**..............
..............................
..............................
..............................
..............................
..............................
..............................
..............................
..............................
..............................
..............................
..............................
..............................
..............................

Generation = 7, Population = 11.
..............................
..............................
..............................
..............................
..............................
..............................
..............................
..............................
..............................
..............................
..............................
..............................
...............*..............
.............**.**............
.............*................
.............*...*............
..............***.............
..............................
..............................
..............................
..............................
..............................
..............................
..............................
..............................
..............................
..............................
..............................
..............................
..............................

Generation = 8, Population = 18.
..............................
..............................
..............................
..............................
..............................
..............................
..............................
..............................
..............................
..............................
..............................
..............................
..............***.............
.............****.............
............**..**............
.............*.**.............
..............***.............
...............*..............
..............................
..............................
..............................
..............................
..............................
..............................
..............................
..............................
..............................
..............................
..............................
..............................

Generation = 9, Population = 11.
..............................
..............................
..............................
..............................
..............................
..............................
..............................
..............................
..............................
..............................
..............................
...............*..............
.............*..*.............
............*.................
............*....*............
............**................
..............................
..............***.............
..............................
..............................
..............................
..............................
..............................
..............................
..............................
..............................
..............................
..............................
..............................
..............................

Generation = 10, Population = 11.
..............................
..............................
..............................
..............................
..............................
..............................
..............................
..............................
..............................
..............................
..............................
..............................
..............................
............**................
...........**.................
............**................
.............***..............
...............*..............
...............*..............
..............................
..............................
..............................
..............................
..............................
..............................
..............................
..............................
..............................
..............................
..............................

*** Life<ConwayCell> 30x30 ***

Generation = 0, Population = 22.
..............................
..............................
..............................
..............................
..............................
..............................
..............................
..............................
..............................
..............***.............
...............*..............
...............*..............
..............***.............
..............................
..............***.............
..............***.............
..............................
..............***.............
...............*..............
...............*..............
..............***.............
..............................
..............................
..............................
..............................
..............................
..............................
..............................
..............................
..............................

Generation = 1, Population = 18.
..............................
..............................
..............................
..............................
..............................
..............................
..............................
..............................
...............*..............
..............***.............
..............................
..............................
..............***.............
..............................
..............*.*.............
..............*.*.............
..............................
..............***.............
..............................
..............................
..............***.............
...............*..............
..............................
..............................
..............................
..............................
..............................
..............................
..............................
..............................

Generation = 2, Population = 22.
..............................
..............................
..............................
..............................
..............................
..............................
..............................
..............................
..............***.............
..............***.............
...............*..............
...............*..............
...............*..............
..............*.*.............
..............................
..............................
..............*.*.............
...............*..............
...............*..............
...............*..............
..............***.............
..............***.............
..............................
..............................
..............................
..............................
..............................
..............................
..............................
..............................

Generation = 3, Population = 20.
..............................
..............................
..............................
..............................
..............................
..............................
..............................
...............*..............
..............*.*.............
..............................
..............................
..............***.............
..............***.............
...............*..............
..............................
..............................
...............*..............
..............***.............
..............***.............
..............................
..............................
..............*.*.............
...............*..............
..............................
..............................
..............................
..............................
..............................
..............................
..............................

Generation = 4, Population = 16.
..............................
..............................
..............................
..............................
..............................
..............................
..............................
...............*..............
...............*..............
..............................
...............*..............
..............*.*.............
..............................
..............***.............
..............................
..............................
..............***.............
..............................
..............*.*.............
...............*..............
..............................
...............*..............
...............*..............
..............................
..............................
..............................
..............................
..............................
..............................
..............................

Generation = 5, Population = 12.
..............................
..............................
..............................
..............................
..............................
..............................
..............................
..............................
..............................
..............................
...............*..............
...............*..............
..............*.*.............
...............*..............
...............*..............
...............*..............
...............*..............
..............*.*.............
...............*..............
...............*..............
..............................
..............................
..............................
..............................
..............................
..............................
..............................
..............................
..............................
..............................

Generation = 6, Population = 22.
..............................
..............................
..............................
..............................
..............................
..............................
..............................
..............................
..............................
..............................
..............................
..............***.............
..............*.*.............
..............***.............
..............***.............
..............***.............
..............***.............
..............*.*.............
..............***.............
..............................
..............................
..............................
..............................
..............................
..............................
..............................
..............................
..............................
..............................
..............................

Generation = 7, Population = 18.
..............................
..............................
..............................
..............................
..............................
..............................
..............................
..............................
..............................
..............................
...............*..............
..............*.*.............
.............*...*............
.............*...*............
.............*...*............
.............*...*............
.............*...*............
.............*...*............
..............*.*.............
...............*..............
..............................
..............................
..............................
..............................
..............................
..............................
..............................
..............................
..............................
..............................

Generation = 8, Population = 40.
..............................
..............................
..............................
..............................
..............................
..............................
..............................
..............................
..............................
..............................
...............*..............
..............***.............
.............**.**............
............***.***...........
............***.***...........
............***.***...........
............***.***...........
.............**.**............
..............***.............
...............*..............
..............................
..............................
..............................
..............................
..............................
..............................
..............................
..............................
..............................
..............................

Generation = 9, Population = 18.
..............................
..............................
..............................
..............................
..............................
..............................
..............................
..............................
..............................
..............................
..............***.............
.............*...*............
............*.....*...........
..............................
...........*.......*..........
...........*.......*..........
..............................
............*.....*...........
.............*...*............
..............***.............
..............................
..............................
..............................
..............................
..............................
..............................
..............................
..............................
..............................
..............................

Generation = 10, Population = 18.
..............................
..............................
..............................
..............................
..............................
..............................
..............................
..............................
..............................
...............*..............
..............***.............
.............*****............
..............................
..............................
..............................
..............................
..............................
..............................
.............*****............
..............***.............
...............*..............
..............................
..............................
..............................
..............................
..............................
..............................
..............................
..............................
..............................

Generation = 11, Population = 20.
..............................
..............................
..............................
..............................
..............................
..............................
..............................
..............................
..............................
..............***.............
.............*...*............
.............*...*............
..............***.............
..............................
..............................
..............................
..............................
..............***.............
.............*...*............
.............*...*............
..............***.............
..............................
..............................
..............................
..............................
..............................
..............................
..............................
..............................
..............................

Generation = 12, Population = 28.
..............................
..............................
..............................
..............................
..............................
..............................
..............................
..............................
...............*..............
..............***.............
.............*.*.*............
.............*.*.*............
..............***.............
...............*..............
..............................
..............................
...............*..............
..............***.............
.............*.*.*............
.............*.*.*............
..............***.............
...............*..............
..............................
..............................
..............................
..............................
..............................
..............................
..............................
..............................

Generation = 13, Population = 20.
..............................
..............................
..............................
..............................
..............................
..............................
..............................
..............................
..............***.............
..............................
.............*...*............
.............*...*............
..............................
..............***.............
..............................
..............................
..............***.............
..............................
.............*...*............
.............*...*............
..............................
..............***.............
..............................
..............................
..............................
..............................
..............................
..............................
..............................
..............................

Generation = 14, Population = 20.
..............................
..............................
..............................
..............................
..............................
..............................
..............................
...............*..............
...............*..............
..............***.............
..............................
..............................
..............***.............
...............*..............
...............*..............
...............*..............
...............*..............
..............***.............
..............................
..............................
..............***.............
...............*..............
...............*..............
..............................
..............................
..............................
..............................
..............................
..............................
..............................

Generation = 15, Population = 22.
..............................
..............................
..............................
..............................
..............................
..............................
..............................
..............................
..............................
..............***.............
...............*..............
...............*..............
..............***.............
..............................
..............***.............
..............***.............
..............................
..............***.............
...............*..............
...............*..............
..............***.............
..............................
..............................
..............................
..............................
..............................
..............................
..............................
..............................
..............................

*** Life<ConwayCell> 7x11 ***

Generation = 0, Population = 7.
...........
.......*...
.**........
..*...***..
...........
...........
...........

Generation = 1, Population = 8.
...........
...........
.**...*.*..
.**....*...
.......*...
...........
...........

Generation = 2, Population = 8.
...........
...........
.**....*...
.**...***..
...........
...........
...........

Generation = 3, Population = 11.
...........
...........
.**...***..
.**...***..
.......*...
...........
...........

Generation = 4, Population = 10.
...........
.......*...
.**...*.*..
.**........
......***..
...........
...........

Generation = 5, Population = 10.
...........
.......*...
.**....*...
.**...*.*..
.......*...
.......*...
...........

Generation = 6, Population = 12.
...........
...........
.**...***..
.**...*.*..
......***..
...........
...........

Generation = 7, Population = 12.
...........
.......*...
.**...*.*..
.**..*...*.
......*.*..
.......*...
...........

Generation = 8, Population = 16.
...........
.......*...
.**...***..
.**..**.**.
......***..
.......*...
...........

Generation = 9, Population = 16.
...........
......***..
.**..*...*.
.**..*...*.
.....*...*.
......***..
...........

Generation = 10, Population = 24.
.......*...
......***..
.**..*.*.*.
.**.***.***
.....*.*.*.
......***..
.......*...

*** Life<ConwayCell> 7x11 ***

Generation = 0, Population = 7.
...........
..*........
....*......
.**..***...
...........
...........
...........

Generation = 1, Population = 8.
...........
...........
.***.**....
.....**....
......*....
...........
...........

Generation = 2, Population = 10.
...........
..*........
..*.***....
..*.*..*...
.....**....
...........
...........

Generation = 3, Population = 11.
...........
...*.*.....
.**.***....
....*..*...
.....**....
...........
...........

Generation = 4, Population = 11.
...........
..**.**....
..*...*....
...**..*...
.....**....
...........
...........

Generation = 5, Population = 13.
...........
..**.**....
..*...**...
...**..*...
....***....
...........
...........

Generation = 6, Population = 15.
...........
..**.***...
..*....*...
...**..*...
...****....
.....*.....
...........

Generation = 7, Population = 15.
......*....
..**..**...
..*..*.**..
..*....*...
...*..*....
.....**....
...........

Generation = 8, Population = 18.
......**...
..**.*..*..
.**.....*..
..**...**..
.....***...
.....**....
...........

Generation = 9, Population = 20.
......**...
.***..*.*..
.*..*...**.
.***....*..
....**..*..
.....*.*...
...........

Generation = 10, Population = 30.
..*...**...
.***.**.**.
*...*...**.
.***.*.**..
..*******..
....***....
...........
