*** Life<Cell> 5x5 ***

Generation = 0, Population = 5.
--0--
--0--
--0--
--0--
--0--

Generation = 1, Population = 12.
-010-
-0-0-
-0-0-
-0-0-
-010-

Generation = 2, Population = 12.
0---0
0-0-0
0---0
0-0-0
0---0

Generation = 3, Population = 12.
10101
-----
-0-0-
-----
10101

Generation = 4, Population = 12.
*---*
0-0-0
0---0
0-0-0
*---*

Generation = 5, Population = 8.
.010.
-----
-0-0-
-----
.010.

Generation = 6, Population = 8.
.1-1.
--0--
0---0
--0--
.1-1.

Generation = 7, Population = 8.
.-1-.
0---0
-0-0-
0---0
.-1-.

*** Life<Cell> 5x5 ***

Generation = 0, Population = 8.
-----
-000-
-0-0-
-000-
-----

Generation = 1, Population = 12.
-000-
0---0
0---0
0---0
-000-

Generation = 2, Population = 12.
-1-1-
1-0-1
-0-0-
1-0-1
-1-1-

Generation = 3, Population = 4.
--0--
-----
0---0
-----
--0--

Generation = 4, Population = 12.
-1-1-
1-0-1
-0-0-
1-0-1
-1-1-

Generation = 5, Population = 4.
--0--
-----
0---0
-----
--0--

*** Life<Cell> 5x5 ***

Generation = 0, Population = 16.
00000
0---0
0---0
0---0
00000

Generation = 1, Population = 4.
-----
--0--
-0-0-
--0--
-----

Generation = 2, Population = 4.
--0--
-----
0---0
-----
--0--

Generation = 3, Population = 12.
-0-0-
0-0-0
-0-0-
0-0-0
-0-0-

Generation = 4, Population = 4.
--0--
-----
0---0
-----
--0--

Generation = 5, Population = 12.
-0-0-
0-0-0
-0-0-
0-0-0
-0-0-
