*** Life<FredkinCell> 9x9 ***

Generation = 0, Population = 9.
----0----
----0----
----0----
----0----
----0----
----0----
----0----
----0----
----0----

Generation = 1, Population = 20.
---010---
---0-0---
---0-0---
---0-0---
---0-0---
---0-0---
---0-0---
---0-0---
---010---

Generation = 2, Population = 20.
--0---0--
--0-0-0--
--0---0--
--0---0--
--0---0--
--0---0--
--0---0--
--0-0-0--
--0---0--

Generation = 3, Population = 40.
-0101010-
-0-----0-
-0-000-0-
-0-0-0-0-
-0-0-0-0-
-0-0-0-0-
-0-000-0-
-0-----0-
-0101010-

Generation = 4, Population = 20.
0-------0
0-------0
0-------0
0---0---0
0-------0
0---0---0
0-------0
0-------0
0-------0

Generation = 5, Population = 28.
10-----01
-0-----0-
-0--0--0-
-0-0-0-0-
-0-----0-
-0-0-0-0-
-0--0--0-
-0-----0-
10-----01

*** Life<FredkinCell> 11x11 ***

Generation = 0, Population = 8.
-----------
-----------
-----------
-----------
----000----
----0-0----
----000----
-----------
-----------
-----------
-----------

Generation = 1, Population = 12.
-----------
-----------
-----------
----000----
---0---0---
---0---0---
---0---0---
----000----
-----------
-----------
-----------

Generation = 2, Population = 24.
-----------
-----------
----000----
----1-1----
--01-0-10--
--0-0-0-0--
--01-0-10--
----1-1----
----000----
-----------
-----------

Generation = 3, Population = 28.
-----------
----000----
---0---0---
--0-2-2-0--
-0-2---2-0-
-0-------0-
-0-2---2-0-
--0-2-2-0--
---0---0---
----000----
-----------

Generation = 4, Population = 32.
----000----
----1-1----
----000----
-----------
010-----010
0-0-----0-0
010-----010
-----------
----000----
----1-1----
----000----

Generation = 5, Population = 36.
---0---0---
---0---0---
---0---0---
000-202-000
---2---2---
---0---0---
---2---2---
000-202-000
---0---0---
---0---0---
---0---0---

Generation = 6, Population = 64.
--010-010--
--0-1-1-0--
00-1-0-1-00
1-1-3-3-1-1
01-3-0-3-10
--0-0-0-0--
01-3-0-3-10
1-1-3-3-1-1
00-1-0-1-00
--0-1-1-0--
--010-010--

*** Life<FredkinCell> 5x5 ***

Generation = 0, Population = 15.
0-0-0
0-0-0
0-0-0
0-0-0
0-0-0

Generation = 1, Population = 6.
1-1-1
-----
-----
-----
1-1-1

Generation = 2, Population = 6.
-----
0-0-0
-----
0-0-0
-----

Generation = 3, Population = 6.
1-1-1
-----
-----
-----
1-1-1

Generation = 4, Population = 6.
-----
0-0-0
-----
0-0-0
-----

Generation = 5, Population = 6.
1-1-1
-----
-----
-----
1-1-1

*** Life<FredkinCell> 30x31 ***

Generation = 0, Population = 22.
-------------------------------
-------------------------------
-------------------------------
-------------------------------
-------------------------------
-------------------------------
-------------------------------
-------------------------------
-------------------------------
--------------000--------------
---------------0---------------
---------------0---------------
--------------000--------------
-------------------------------
--------------000--------------
--------------000--------------
-------------------------------
--------------000--------------
---------------0---------------
---------------0---------------
--------------000--------------
-------------------------------
-------------------------------
-------------------------------
-------------------------------
-------------------------------
-------------------------------
-------------------------------
-------------------------------
-------------------------------

Generation = 1, Population = 32.
-------------------------------
-------------------------------
-------------------------------
-------------------------------
-------------------------------
-------------------------------
-------------------------------
-------------------------------
--------------000--------------
-------------01110-------------
-------------------------------
-------------------------------
-------------01110-------------
-------------------------------
-------------0-1-0-------------
-------------0-1-0-------------
-------------------------------
-------------01110-------------
-------------------------------
-------------------------------
-------------01110-------------
--------------000--------------
-------------------------------
-------------------------------
-------------------------------
-------------------------------
-------------------------------
-------------------------------
-------------------------------
-------------------------------

Generation = 2, Population = 64.
-------------------------------
-------------------------------
-------------------------------
-------------------------------
-------------------------------
-------------------------------
-------------------------------
--------------000--------------
---------------1---------------
------------0122210------------
-------------00000-------------
-------------00000-------------
------------01---10------------
--------------0-0--------------
------------01-2-10------------
------------01-2-10------------
--------------0-0--------------
------------01---10------------
-------------00000-------------
-------------00000-------------
------------0122210------------
---------------1---------------
--------------000--------------
-------------------------------
-------------------------------
-------------------------------
-------------------------------
-------------------------------
-------------------------------
-------------------------------

Generation = 3, Population = 88.
-------------------------------
-------------------------------
-------------------------------
-------------------------------
-------------------------------
-------------------------------
--------------000--------------
-------------01110-------------
------------000-000------------
-----------0123-3210-----------
-------------1---1-------------
-------------11111-------------
-----------01-111-10-----------
-------------0-0-0-------------
-----------0--030--0-----------
-----------0--030--0-----------
-------------0-0-0-------------
-----------01-111-10-----------
-------------11111-------------
-------------1---1-------------
-----------0123-3210-----------
------------000-000------------
-------------01110-------------
--------------000--------------
-------------------------------
-------------------------------
-------------------------------
-------------------------------
-------------------------------
-------------------------------

Generation = 4, Population = 72.
-------------------------------
-------------------------------
-------------------------------
-------------------------------
-------------------------------
--------------000--------------
---------------1---------------
---------------2---------------
--------------111--------------
----------012-----210----------
-----------0--000--0-----------
-----------0--222--0-----------
----------012-----210----------
-------------------------------
----------010-----010----------
----------010-----010----------
-------------------------------
----------012-----210----------
-----------0--222--0-----------
-----------0--000--0-----------
----------012-----210----------
--------------111--------------
---------------2---------------
---------------1---------------
--------------000--------------
-------------------------------
-------------------------------
-------------------------------
-------------------------------
-------------------------------

Generation = 5, Population = 108.
-------------------------------
-------------------------------
-------------------------------
-------------------------------
--------------000--------------
-------------01110-------------
-------------------------------
-------------------------------
----------00002220000----------
---------01232---23210---------
-------------1-1-1-------------
-------------1-3-1-------------
---------0123111113210---------
-------------------------------
---------0-2-1---1-2-0---------
---------0-2-1---1-2-0---------
-------------------------------
---------0123111113210---------
-------------1-3-1-------------
-------------1-1-1-------------
---------01232---23210---------
----------00002220000----------
-------------------------------
-------------------------------
-------------01110-------------
--------------000--------------
-------------------------------
-------------------------------
-------------------------------
-------------------------------

Generation = 6, Population = 168.
-------------------------------
-------------------------------
-------------------------------
--------------000--------------
---------------1---------------
------------0122210------------
-------------00100-------------
----------00001210000----------
-----------111---111-----------
--------012343---343210--------
---------000---2---000---------
---------000--2-2--000---------
--------01---2-2-2---10--------
----------0-0-000-0-0----------
--------01-3-20-02-3-10--------
--------01-3-20-02-3-10--------
----------0-0-000-0-0----------
--------01---2-2-2---10--------
---------000--2-2--000---------
---------000---2---000---------
--------012343---343210--------
-----------111---111-----------
----------00001210000----------
-------------00100-------------
------------0122210------------
---------------1---------------
--------------000--------------
-------------------------------
-------------------------------
-------------------------------

Generation = 7, Population = 204.
-------------------------------
-------------------------------
--------------000--------------
-------------01110-------------
------------000-000------------
-----------0123-3210-----------
----------0001---1000----------
---------0111-232-1110---------
--------0002-2-2-2-2000--------
-------0123-5-323-5-3210-------
---------1-1-1---1-1-1---------
---------11-0-----0-11---------
-------01-12---3---21-10-------
---------0-0---1---0-0---------
-------0--040-131-040--0-------
-------0--040-131-040--0-------
---------0-0---1---0-0---------
-------01-12---3---21-10-------
---------11-0-----0-11---------
---------1-1-1---1-1-1---------
-------0123-5-323-5-3210-------
--------0002-2-2-2-2000--------
---------0111-232-1110---------
----------0001---1000----------
-----------0123-3210-----------
------------000-000------------
-------------01110-------------
--------------000--------------
-------------------------------
-------------------------------

Generation = 8, Population = 88.
-------------------------------
--------------000--------------
---------------1---------------
---------------2---------------
--------------111--------------
-------------------------------
--------------010--------------
--------------343--------------
-------------------------------
------012-----434-----210------
-------0-------2-------0-------
-------0-------3-------0-------
------012-----141-----210------
-------------------------------
------010-------------010------
------010-------------010------
-------------------------------
------012-----141-----210------
-------0-------3-------0-------
-------0-------2-------0-------
------012-----434-----210------
-------------------------------
--------------343--------------
--------------010--------------
-------------------------------
--------------111--------------
---------------2---------------
---------------1---------------
--------------000--------------
-------------------------------

Generation = 9, Population = 128.
--------------000--------------
-------------01110-------------
-------------------------------
-------------------------------
-------------02220-------------
-------------------------------
-------------1-2-1-------------
-------------0-5-0-------------
------000-------------000------
-----01232---35453---23210-----
-------------------------------
-------------------------------
-----01231---22522---13210-----
--------------010--------------
-----0-2-1-----------1-2-0-----
-----0-2-1-----------1-2-0-----
--------------010--------------
-----01231---22522---13210-----
-------------------------------
-------------------------------
-----01232---35453---23210-----
------000-------------000------
-------------0-5-0-------------
-------------1-2-1-------------
-------------------------------
-------------02220-------------
-------------------------------
-------------------------------
-------------01110-------------
--------------000--------------

Generation = 10, Population = 250.
---------------1---------------
------------0122210------------
-------------00100-------------
-------------01210-------------
------------01---10------------
--------------3-3--------------
------------02-3-20------------
------000---11-6-11---000------
-------1------2-2------1-------
----0123433-54---45-3343210----
-----00001---10201---10000-----
-----00001---12321---10000-----
----01---21-3336333-12---10----
------0-0------2------0-0------
----01-3-20---131---02-3-10----
----01-3-20---131---02-3-10----
------0-0------2------0-0------
----01---21-3336333-12---10----
-----00001---12321---10000-----
-----00001---10201---10000-----
----0123433-54---45-3343210----
-------1------2-2------1-------
------000---11-6-11---000------
------------02-3-20------------
--------------3-3--------------
------------01---10------------
-------------01210-------------
-------------00100-------------
------------0122210------------
---------------1---------------

Generation = 11, Population = 306.
------------00-2-00------------
-----------0123-3210-----------
-------------1---1-------------
-------------12321-------------
-----------01-222-10-----------
-------------2-2-2-------------
------000--0--040--0--000------
-----01110-1--373--1-01110-----
----000-000--2-2-2--000-000----
---0123-544-6-545-6-445-3210---
-----1---2---21312---2---1-----
-----11112---2---2---21111-----
---01-123-2-444-444-2-321-10---
-----0-0-0--000-000--0-0-0-----
---0--040--4-2---2-4--040--0---
---0--040--4-2---2-4--040--0---
-----0-0-0--000-000--0-0-0-----
---01-123-2-444-444-2-321-10---
-----11112---2---2---21111-----
-----1---2---21312---2---1-----
---0123-544-6-545-6-445-3210---
----000-000--2-2-2--000-000----
-----01110-1--373--1-01110-----
------000--0--040--0--000------
-------------2-2-2-------------
-----------01-222-10-----------
-------------12321-------------
-------------1---1-------------
-----------0123-3210-----------
------------00-2-00------------

Generation = 12, Population = 202.
--------------0-0--------------
----------012-424-210----------
-----------0--010--0-----------
-----------0--343--0-----------
----------012-----210----------
------000-------------000------
-------1--010-----010--1-------
-------2--121-----121--2-------
------111-------------111------
--012---------------------210--
---0--000-----242-----000--0---
---0--222-----232-----222--0---
--012---------------------210--
-------------------------------
--010-----050-----050-----010--
--010-----050-----050-----010--
-------------------------------
--012---------------------210--
---0--222-----232-----222--0---
---0--000-----242-----000--0---
--012---------------------210--
------111-------------111------
-------2--121-----121--2-------
-------1--010-----010--1-------
------000-------------000------
----------012-----210----------
-----------0--343--0-----------
-----------0--010--0-----------
----------012-424-210----------
--------------0-0--------------

Generation = 13, Population = 320.
----------00001210000----------
---------0123-535-3210---------
-------------11-11-------------
-------------1-5-1-------------
------0000123122213210000------
-----01110-----------01110-----
---------0-2-2---2-2-0---------
---------0-3-1---1-3-0---------
--00002220021-----12002220000--
-01232--------545--------23210-
-----1-1-2---2-5-2---2-1-1-----
-----1-3-2---2-4-2---2-3-1-----
-01231123-----464-----32113210-
----------000-----000----------
-0-2-1---2-6-2---2-6-2---1-2-0-
-0-2-1---2-6-2---2-6-2---1-2-0-
----------000-----000----------
-01231123-----464-----32113210-
-----1-3-2---2-4-2---2-3-1-----
-----1-1-2---2-5-2---2-1-1-----
-01232--------545--------23210-
--00002220021-----12002220000--
---------0-3-1---1-3-0---------
---------0-2-2---2-2-0---------
-----01110-----------01110-----
------0000123122213210000------
-------------1-5-1-------------
-------------11-11-------------
---------0123-535-3210---------
----------00001210000----------

Generation = 14, Population = 462.
-----------11-232-11-----------
--------0123--646--3210--------
---------000-------000---------
------000000---6---000000------
-------111---2-3-2---111-------
----012221--1-323-1--122210----
-----001---3-30-03-3---100-----
--000012--1-123-321-1--210000--
---111---1-32-222-23-1---111---
012343--5-436-656-634-5--343210
-000---2-30-032-230-03-2---000-
-000--2-231-032-230-132-2--000-
01---2-34-224-575-422-43-2---10
--0-0-000-111-020-111-000-0-0--
01-3-20-030-031-130-030-02-3-10
01-3-20-030-031-130-030-02-3-10
--0-0-000-111-020-111-000-0-0--
01---2-34-224-575-422-43-2---10
-000--2-231-032-230-132-2--000-
-000---2-30-032-230-03-2---000-
012343--5-436-656-634-5--343210
---111---1-32-222-23-1---111---
--000012--1-123-321-1--210000--
-----001---3-30-03-3---100-----
----012221--1-323-1--122210----
-------111---2-3-2---111-------
------000000---6---000000------
---------000-------000---------
--------0123--646--3210--------
-----------11-232-11-----------

Generation = 15, Population = 502.
--------00--2--4--2--00--------
-------01234-2-5-2-43210-------
------0001-10-1-1-01-1000------
-----0111-1-0137310-1-1110-----
----0002-2-2--2-2--2-2-2000----
---0123-3-0----3----0-3-3210---
--0001-2-0----141----0-2-1000--
-0111-2-1----34743----1-2-1110-
0002-2-2----3233323----2-2-2000
123-5-3----474767474----3-5-321
-1-1-1----11143534111----1-1-1-
-11-0----4201434341024----0-11-
1-12----523354686453325----21-1
-0-0---11022201310222011---0-0-
--040-1414161423241614141-040--
--040-1414161423241614141-040--
-0-0---11022201310222011---0-0-
1-12----523354686453325----21-1
-11-0----4201434341024----0-11-
-1-1-1----11143534111----1-1-1-
123-5-3----474767474----3-5-321
0002-2-2----3233323----2-2-2000
-0111-2-1----34743----1-2-1110-
--0001-2-0----141----0-2-1000--
---0123-3-0----3----0-3-3210---
----0002-2-2--2-2--2-2-2000----
-----0111-1-0137310-1-1110-----
------0001-10-1-1-01-1000------
-------01234-2-5-2-43210-------
--------00--2--4--2--00--------
